{
"contracts\\ERC20Mock.sol":{"l":{"31":30,"32":30,"41":0},"path":"D:\\Projects\\SimpleSwap\\contracts\\ERC20Mock.sol","s":{"1":30,"2":0},"b":{},"f":{"1":30,"2":0},"fnMap":{"1":{"name":"constructor","line":29,"loc":{"start":{"line":22,"column":4},"end":{"line":33,"column":4}}},"2":{"name":"decimals","line":40,"loc":{"start":{"line":40,"column":4},"end":{"line":42,"column":4}}}},"statementMap":{"1":{"start":{"line":32,"column":8},"end":{"line":32,"column":39}},"2":{"start":{"line":41,"column":8},"end":{"line":41,"column":30}}},"branchMap":{}},
"contracts\\SimpleSwap.sol":{"l":{"26":46,"27":46,"36":23,"37":23,"38":23,"39":7,"41":16,"53":12,"54":12,"56":12,"57":12,"67":3,"68":3,"69":3,"84":11,"85":11,"87":11,"88":9,"89":9,"91":2,"92":2,"93":1,"94":1,"96":1,"97":1,"98":1,"102":11,"103":11,"105":11,"106":11,"107":9,"109":2,"110":2,"111":2,"113":11,"115":11,"116":11,"118":11,"126":3,"128":2,"129":2,"130":2,"132":2,"133":2,"135":1,"136":1,"138":1,"145":5,"146":4,"147":4,"148":4,"149":4,"150":4,"156":1,"165":2,"166":2,"167":1,"172":1},"path":"D:\\Projects\\SimpleSwap\\contracts\\SimpleSwap.sol","s":{"1":46,"2":46,"3":23,"4":23,"5":23,"6":7,"7":16,"8":12,"9":12,"10":3,"11":3,"12":3,"13":11,"14":11,"15":11,"16":2,"17":2,"18":1,"19":1,"20":1,"21":11,"22":11,"23":11,"24":11,"25":2,"26":2,"27":11,"28":11,"29":3,"30":2,"31":2,"32":2,"33":2,"34":2,"35":1,"36":1,"37":1,"38":5,"39":4,"40":4,"41":4,"42":4,"43":4,"44":1,"45":2,"46":2,"47":1,"48":1},"b":{"1":[13,33],"2":[7,16],"3":[3,9],"4":[3,0],"5":[3,0],"6":[9,2],"7":[1,1],"8":[1,0],"9":[1,0],"10":[9,2],"11":[0,2],"12":[11,0],"13":[2,1],"14":[1,1],"15":[4,1],"16":[4,0],"17":[1,1]},"f":{"1":16,"2":46,"3":23,"4":12,"5":3,"6":11,"7":3,"8":5,"9":1,"10":2,"11":1},"fnMap":{"1":{"name":"constructor","line":22,"loc":{"start":{"line":22,"column":4},"end":{"line":22,"column":19}}},"2":{"name":"_getPairKey","line":25,"loc":{"start":{"line":25,"column":4},"end":{"line":28,"column":4}}},"3":{"name":"getReserves","line":31,"loc":{"start":{"line":31,"column":4},"end":{"line":43,"column":4}}},"4":{"name":"_update","line":51,"loc":{"start":{"line":51,"column":4},"end":{"line":58,"column":4}}},"5":{"name":"_quote","line":62,"loc":{"start":{"line":62,"column":4},"end":{"line":70,"column":4}}},"6":{"name":"addLiquidity","line":73,"loc":{"start":{"line":73,"column":4},"end":{"line":119,"column":4}}},"7":{"name":"swapExactTokensForTokens","line":122,"loc":{"start":{"line":122,"column":4},"end":{"line":139,"column":4}}},"8":{"name":"getAmountOut","line":142,"loc":{"start":{"line":142,"column":4},"end":{"line":151,"column":4}}},"9":{"name":"removeLiquidity","line":154,"loc":{"start":{"line":154,"column":4},"end":{"line":157,"column":4}}},"10":{"name":"getPrice","line":160,"loc":{"start":{"line":160,"column":4},"end":{"line":168,"column":4}}},"11":{"name":"getPair","line":171,"loc":{"start":{"line":171,"column":4},"end":{"line":173,"column":4}}}},"statementMap":{"1":{"start":{"line":26,"column":8},"end":{"line":26,"column":88}},"2":{"start":{"line":27,"column":8},"end":{"line":27,"column":50}},"3":{"start":{"line":36,"column":8},"end":{"line":36,"column":49}},"4":{"start":{"line":37,"column":8},"end":{"line":37,"column":36}},"5":{"start":{"line":38,"column":8},"end":{"line":38,"column":1479}},"6":{"start":{"line":39,"column":12},"end":{"line":39,"column":43}},"7":{"start":{"line":41,"column":12},"end":{"line":41,"column":43}},"8":{"start":{"line":53,"column":8},"end":{"line":53,"column":96}},"9":{"start":{"line":54,"column":8},"end":{"line":54,"column":49}},"10":{"start":{"line":67,"column":8},"end":{"line":67,"column":62}},"11":{"start":{"line":68,"column":8},"end":{"line":68,"column":82}},"12":{"start":{"line":69,"column":8},"end":{"line":69,"column":46}},"13":{"start":{"line":84,"column":8},"end":{"line":84,"column":49}},"14":{"start":{"line":85,"column":8},"end":{"line":85,"column":62}},"15":{"start":{"line":87,"column":8},"end":{"line":87,"column":3347}},"16":{"start":{"line":91,"column":12},"end":{"line":91,"column":57}},"17":{"start":{"line":92,"column":12},"end":{"line":92,"column":3546}},"18":{"start":{"line":93,"column":16},"end":{"line":93,"column":79}},"19":{"start":{"line":96,"column":16},"end":{"line":96,"column":61}},"20":{"start":{"line":97,"column":16},"end":{"line":97,"column":79}},"21":{"start":{"line":102,"column":8},"end":{"line":102,"column":70}},"22":{"start":{"line":103,"column":8},"end":{"line":103,"column":70}},"23":{"start":{"line":105,"column":8},"end":{"line":105,"column":51}},"24":{"start":{"line":106,"column":8},"end":{"line":106,"column":4189}},"25":{"start":{"line":109,"column":12},"end":{"line":109,"column":50}},"26":{"start":{"line":110,"column":12},"end":{"line":110,"column":50}},"27":{"start":{"line":113,"column":8},"end":{"line":113,"column":74}},"28":{"start":{"line":118,"column":8},"end":{"line":118,"column":30}},"29":{"start":{"line":126,"column":8},"end":{"line":126,"column":60}},"30":{"start":{"line":128,"column":8},"end":{"line":128,"column":29}},"31":{"start":{"line":129,"column":8},"end":{"line":129,"column":30}},"32":{"start":{"line":130,"column":8},"end":{"line":130,"column":60}},"33":{"start":{"line":132,"column":8},"end":{"line":132,"column":61}},"34":{"start":{"line":133,"column":8},"end":{"line":133,"column":76}},"35":{"start":{"line":135,"column":8},"end":{"line":135,"column":68}},"36":{"start":{"line":136,"column":8},"end":{"line":136,"column":43}},"37":{"start":{"line":138,"column":8},"end":{"line":138,"column":25}},"38":{"start":{"line":145,"column":8},"end":{"line":145,"column":69}},"39":{"start":{"line":146,"column":8},"end":{"line":146,"column":85}},"40":{"start":{"line":147,"column":8},"end":{"line":147,"column":48}},"41":{"start":{"line":148,"column":8},"end":{"line":148,"column":50}},"42":{"start":{"line":149,"column":8},"end":{"line":149,"column":58}},"43":{"start":{"line":150,"column":8},"end":{"line":150,"column":24}},"44":{"start":{"line":156,"column":8},"end":{"line":156,"column":21}},"45":{"start":{"line":165,"column":8},"end":{"line":165,"column":62}},"46":{"start":{"line":166,"column":8},"end":{"line":166,"column":49}},"47":{"start":{"line":167,"column":8},"end":{"line":167,"column":31}},"48":{"start":{"line":172,"column":8},"end":{"line":172,"column":25}}},"branchMap":{"1":{"line":26,"type":"if","locations":[{"start":{"line":26,"column":53},"end":{"line":26,"column":68}},{"start":{"line":26,"column":72},"end":{"line":26,"column":87}}]},"2":{"line":38,"type":"if","locations":[{"start":{"line":38,"column":8},"end":{"line":38,"column":8}},{"start":{"line":38,"column":8},"end":{"line":38,"column":8}}]},"3":{"line":53,"type":"if","locations":[{"start":{"line":53,"column":61},"end":{"line":53,"column":76}},{"start":{"line":53,"column":80},"end":{"line":53,"column":95}}]},"4":{"line":67,"type":"if","locations":[{"start":{"line":67,"column":8},"end":{"line":67,"column":8}},{"start":{"line":67,"column":8},"end":{"line":67,"column":8}}]},"5":{"line":68,"type":"if","locations":[{"start":{"line":68,"column":8},"end":{"line":68,"column":8}},{"start":{"line":68,"column":8},"end":{"line":68,"column":8}}]},"6":{"line":87,"type":"if","locations":[{"start":{"line":87,"column":8},"end":{"line":87,"column":8}},{"start":{"line":87,"column":8},"end":{"line":87,"column":8}}]},"7":{"line":92,"type":"if","locations":[{"start":{"line":92,"column":12},"end":{"line":92,"column":12}},{"start":{"line":92,"column":12},"end":{"line":92,"column":12}}]},"8":{"line":93,"type":"if","locations":[{"start":{"line":93,"column":16},"end":{"line":93,"column":16}},{"start":{"line":93,"column":16},"end":{"line":93,"column":16}}]},"9":{"line":97,"type":"if","locations":[{"start":{"line":97,"column":16},"end":{"line":97,"column":16}},{"start":{"line":97,"column":16},"end":{"line":97,"column":16}}]},"10":{"line":106,"type":"if","locations":[{"start":{"line":106,"column":8},"end":{"line":106,"column":8}},{"start":{"line":106,"column":8},"end":{"line":106,"column":8}}]},"11":{"line":111,"type":"if","locations":[{"start":{"line":111,"column":38},"end":{"line":111,"column":41}},{"start":{"line":111,"column":45},"end":{"line":111,"column":48}}]},"12":{"line":113,"type":"if","locations":[{"start":{"line":113,"column":8},"end":{"line":113,"column":8}},{"start":{"line":113,"column":8},"end":{"line":113,"column":8}}]},"13":{"line":126,"type":"if","locations":[{"start":{"line":126,"column":8},"end":{"line":126,"column":8}},{"start":{"line":126,"column":8},"end":{"line":126,"column":8}}]},"14":{"line":133,"type":"if","locations":[{"start":{"line":133,"column":8},"end":{"line":133,"column":8}},{"start":{"line":133,"column":8},"end":{"line":133,"column":8}}]},"15":{"line":145,"type":"if","locations":[{"start":{"line":145,"column":8},"end":{"line":145,"column":8}},{"start":{"line":145,"column":8},"end":{"line":145,"column":8}}]},"16":{"line":146,"type":"if","locations":[{"start":{"line":146,"column":8},"end":{"line":146,"column":8}},{"start":{"line":146,"column":8},"end":{"line":146,"column":8}}]},"17":{"line":166,"type":"if","locations":[{"start":{"line":166,"column":8},"end":{"line":166,"column":8}},{"start":{"line":166,"column":8},"end":{"line":166,"column":8}}]}}}}
