TN:
SF:D:\Projects\SimpleSwap\contracts\ERC20Mock.sol
FN:29,constructor
FN:40,decimals
FNF:2
FNH:1
FNDA:30,constructor
FNDA:0,decimals
DA:31,30
DA:32,30
DA:41,0
LF:3
LH:2
BRF:0
BRH:0
end_of_record
TN:
SF:D:\Projects\SimpleSwap\contracts\SimpleSwap.sol
FN:22,constructor
FN:25,_getPairKey
FN:31,getReserves
FN:51,_update
FN:62,_quote
FN:73,addLiquidity
FN:122,swapExactTokensForTokens
FN:142,getAmountOut
FN:154,removeLiquidity
FN:160,getPrice
FN:171,getPair
FNF:11
FNH:11
FNDA:16,constructor
FNDA:46,_getPairKey
FNDA:23,getReserves
FNDA:12,_update
FNDA:3,_quote
FNDA:11,addLiquidity
FNDA:3,swapExactTokensForTokens
FNDA:5,getAmountOut
FNDA:1,removeLiquidity
FNDA:2,getPrice
FNDA:1,getPair
DA:26,46
DA:27,46
DA:36,23
DA:37,23
DA:38,23
DA:39,7
DA:41,16
DA:53,12
DA:54,12
DA:56,12
DA:57,12
DA:67,3
DA:68,3
DA:69,3
DA:84,11
DA:85,11
DA:87,11
DA:88,9
DA:89,9
DA:91,2
DA:92,2
DA:93,1
DA:94,1
DA:96,1
DA:97,1
DA:98,1
DA:102,11
DA:103,11
DA:105,11
DA:106,11
DA:107,9
DA:109,2
DA:110,2
DA:111,2
DA:113,11
DA:115,11
DA:116,11
DA:118,11
DA:126,3
DA:128,2
DA:129,2
DA:130,2
DA:132,2
DA:133,2
DA:135,1
DA:136,1
DA:138,1
DA:145,5
DA:146,4
DA:147,4
DA:148,4
DA:149,4
DA:150,4
DA:156,1
DA:165,2
DA:166,2
DA:167,1
DA:172,1
LF:58
LH:58
BRDA:26,1,0,13
BRDA:26,1,1,33
BRDA:38,2,0,7
BRDA:38,2,1,16
BRDA:53,3,0,3
BRDA:53,3,1,9
BRDA:67,4,0,3
BRDA:67,4,1,0
BRDA:68,5,0,3
BRDA:68,5,1,0
BRDA:87,6,0,9
BRDA:87,6,1,2
BRDA:92,7,0,1
BRDA:92,7,1,1
BRDA:93,8,0,1
BRDA:93,8,1,0
BRDA:97,9,0,1
BRDA:97,9,1,0
BRDA:106,10,0,9
BRDA:106,10,1,2
BRDA:111,11,0,0
BRDA:111,11,1,2
BRDA:113,12,0,11
BRDA:113,12,1,0
BRDA:126,13,0,2
BRDA:126,13,1,1
BRDA:133,14,0,1
BRDA:133,14,1,1
BRDA:145,15,0,4
BRDA:145,15,1,1
BRDA:146,16,0,4
BRDA:146,16,1,0
BRDA:166,17,0,1
BRDA:166,17,1,1
BRF:34
BRH:27
end_of_record
